<?xml version="1.0" encoding="UTF-8"?>
<!-- Generated by org.testng.reporters.JUnitXMLReporter -->
<testsuite hostname="pa-PC" ignored="2" name="smoke testcases" tests="2" failures="0" timestamp="2021-01-10T20:38:07 IST" time="0.234" errors="0">
  <testcase name="demo1" time="0.031" classname="testscripts.demoTest"/>
  <testcase name="demo3" time="0.0" classname="testscripts.demoTest"/>
  <testcase name="demo2" time="0.0" classname="testscripts.demoTest">
    <ignored/>
  </testcase> <!-- demo2 -->
  <testcase name="demo4" time="0.0" classname="testscripts.demoTest">
    <ignored/>
  </testcase> <!-- demo4 -->
</testsuite> <!-- smoke testcases -->
