<?xml version="1.0" encoding="UTF-8"?>
<testsuite xmlns:xsi="http://www.w3.org/2001/XMLSchema-instance" xsi:noNamespaceSchemaLocation="https://maven.apache.org/surefire/maven-surefire-plugin/xsd/surefire-test-report.xsd" name="TestSuite" time="124.89" tests="12" errors="0" skipped="0" failures="0">
  <properties>
[...]
</properties>
  <testcase name="demo1" classname="testscripts.demoTest" time="0.016"/>
  <testcase name="demo2" classname="testscripts.demoTest" time="0.016"/>
  <testcase name="demo3" classname="testscripts.demoTest" time="0"/>
  <testcase name="demo4" classname="testscripts.demoTest" time="0"/>
  <testcase name="User1_CreateNewThirdParty" classname="testscripts.Testcreatethirdparty" time="30.438"/>
  <testcase name="username" classname="testscripts.TestEndtoEndScenario1" time="0.476"/>
  <testcase name="password" classname="testscripts.TestEndtoEndScenario1" time="0.347"/>
  <testcase name="submit" classname="testscripts.TestEndtoEndScenario1" time="3.695"/>
  <testcase name="logout" classname="testscripts.TestEndtoEndScenario1" time="1.643"/>
  <testcase name="User1_Login_Test" classname="testscripts.Testuser1Login" time="42.881"/>
  <testcase name="User1_Logout_Test" classname="testscripts.Testuser1Logout" time="18.389"/>
  <testcase name="User1_Navigate_NewThirdParty" classname="testscripts.TestUser1ThirdPartyNavigate" time="14.552"/>
</testsuite>