<?xml version="1.0" encoding="UTF-8"?>
<!-- Generated by org.testng.reporters.JUnitXMLReporter -->
<testsuite hostname="pa-PC" ignored="2" name="regression testcases" tests="2" failures="0" timestamp="2021-01-10T20:41:26 IST" time="0.296" errors="0">
  <testcase name="demo2" time="0.062" classname="testscripts.demoTest"/>
  <testcase name="demo4" time="0.0" classname="testscripts.demoTest"/>
  <testcase name="demo1" time="0.0" classname="testscripts.demoTest">
    <ignored/>
  </testcase> <!-- demo1 -->
  <testcase name="demo3" time="0.0" classname="testscripts.demoTest">
    <ignored/>
  </testcase> <!-- demo3 -->
</testsuite> <!-- regression testcases -->
