<?xml version="1.0" encoding="UTF-8"?>
<!-- Generated by org.testng.reporters.JUnitXMLReporter -->
<testsuite hostname="pa-PC" ignored="0" name="testscripts" tests="12" failures="0" timestamp="2021-01-10T21:20:59 IST" time="120.139" errors="0">
  <testcase name="demo1" time="0.0" classname="testscripts.demoTest"/>
  <testcase name="demo2" time="0.0" classname="testscripts.demoTest"/>
  <testcase name="demo3" time="0.0" classname="testscripts.demoTest"/>
  <testcase name="demo4" time="0.0" classname="testscripts.demoTest"/>
  <testcase name="User1_CreateNewThirdParty" time="30.438" classname="testscripts.Testcreatethirdparty"/>
  <testcase name="username" time="0.481" classname="testscripts.TestEndtoEndScenario1"/>
  <testcase name="password" time="0.347" classname="testscripts.TestEndtoEndScenario1"/>
  <testcase name="submit" time="3.7" classname="testscripts.TestEndtoEndScenario1"/>
  <testcase name="logout" time="1.658" classname="testscripts.TestEndtoEndScenario1"/>
  <testcase name="User1_Login_Test" time="42.886" classname="testscripts.Testuser1Login"/>
  <testcase name="User1_Logout_Test" time="18.394" classname="testscripts.Testuser1Logout"/>
  <testcase name="User1_Navigate_NewThirdParty" time="14.552" classname="testscripts.TestUser1ThirdPartyNavigate"/>
</testsuite> <!-- testscripts -->
