<?xml version="1.0" encoding="UTF-8"?>
<!-- Generated by org.testng.reporters.JUnitXMLReporter -->
<testsuite hostname="pa-PC" name="FirefoxTest" tests="1" failures="1" timestamp="12 Jan 2021 11:38:57 GMT" time="0.015" errors="0">
  <testcase name="test1" time="0.015" classname="testscripts.CrossBrowserTestingScript">
    <failure type="java.lang.NullPointerException">
      <![CDATA[java.lang.NullPointerException
	at testscripts.CrossBrowserTestingScript.test1(CrossBrowserTestingScript.java:35)
... Removed 24 stack frames]]>
    </failure>
  </testcase> <!-- test1 -->
</testsuite> <!-- FirefoxTest -->
