<?xml version="1.0" encoding="UTF-8"?>
<!-- Generated by org.testng.reporters.JUnitXMLReporter -->
<testsuite hostname="pa-PC" name="Invalid Test" tests="1" failures="0" timestamp="12 Jan 2021 12:09:58 GMT" time="0.157" errors="0">
  <testcase name="@BeforeTest setup" time="0.0" classname="Baseclass.CrossBrowserTestingScript">
    <failure type="java.lang.Exception" message="Incorrect Browser">
      <![CDATA[java.lang.Exception: Incorrect Browser
	at Baseclass.CrossBrowserTestingScript.setup(CrossBrowserTestingScript.java:35)
	at java.util.concurrent.FutureTask.run(Unknown Source)
	at java.util.concurrent.ThreadPoolExecutor.runWorker(Unknown Source)
	at java.util.concurrent.ThreadPoolExecutor$Worker.run(Unknown Source)
	at java.lang.Thread.run(Unknown Source)
... Removed 14 stack frames]]>
    </failure>
  </testcase> <!-- @BeforeTest setup -->
  <testcase name="test1" time="0.0" classname="Baseclass.CrossBrowserTestingScript">
    <skipped/>
  </testcase> <!-- test1 -->
</testsuite> <!-- Invalid Test -->
