<?xml version="1.0" encoding="UTF-8"?>
<!-- Generated by org.testng.reporters.JUnitXMLReporter -->
<testsuite hostname="pa-PC" name="ChromeTest" tests="1" failures="1" timestamp="11 Jan 2021 17:02:31 GMT" time="0.124" errors="0">
  <testcase name="testParameterWithXML" time="0.042" classname="testscripts.CrossBrowserTestingScript">
    <failure type="java.lang.NullPointerException">
      <![CDATA[java.lang.NullPointerException
	at testscripts.CrossBrowserTestingScript.testParameterWithXML(CrossBrowserTestingScript.java:15)
	at java.util.concurrent.FutureTask.run(Unknown Source)
	at java.util.concurrent.ThreadPoolExecutor.runWorker(Unknown Source)
	at java.util.concurrent.ThreadPoolExecutor$Worker.run(Unknown Source)
	at java.lang.Thread.run(Unknown Source)
... Removed 16 stack frames]]>
    </failure>
  </testcase> <!-- testParameterWithXML -->
</testsuite> <!-- ChromeTest -->
